[debug] [2022-09-01T12:30:50.471Z] ----------------------------------------------------------------------
[debug] [2022-09-01T12:30:50.473Z] Command:       C:\Program Files\nodejs\node.exe C:\Users\dell\AppData\Roaming\npm\node_modules\firebase-tools\lib\bin\firebase.js init
[debug] [2022-09-01T12:30:50.473Z] CLI Version:   11.8.0
[debug] [2022-09-01T12:30:50.473Z] Platform:      win32
[debug] [2022-09-01T12:30:50.474Z] Node Version:  v16.17.0
[debug] [2022-09-01T12:30:50.475Z] Time:          Thu Sep 01 2022 18:00:50 GMT+0530 (India Standard Time)
[debug] [2022-09-01T12:30:50.475Z] ----------------------------------------------------------------------
[debug] 
[debug] [2022-09-01T12:30:50.483Z] > command requires scopes: ["email","openid","https://www.googleapis.com/auth/cloudplatformprojects.readonly","https://www.googleapis.com/auth/firebase","https://www.googleapis.com/auth/cloud-platform"]
[debug] [2022-09-01T12:30:50.483Z] > authorizing via signed-in user (kunalbusiness89@gmail.com)
[info] 
     ######## #### ########  ######## ########     ###     ######  ########
     ##        ##  ##     ## ##       ##     ##  ##   ##  ##       ##
     ######    ##  ########  ######   ########  #########  ######  ######
     ##        ##  ##    ##  ##       ##     ## ##     ##       ## ##
     ##       #### ##     ## ######## ########  ##     ##  ######  ########

You're about to initialize a Firebase project in this directory:

  D:\kunal\10.May.2019\Projects\reactTutorials\photogallery

[debug] [2022-09-01T12:31:35.985Z] ----------------------------------------------------------------------
[debug] [2022-09-01T12:31:35.987Z] Command:       C:\Program Files\nodejs\node.exe C:\Users\dell\AppData\Roaming\npm\node_modules\firebase-tools\lib\bin\firebase.js init
[debug] [2022-09-01T12:31:35.987Z] CLI Version:   11.8.0
[debug] [2022-09-01T12:31:35.987Z] Platform:      win32
[debug] [2022-09-01T12:31:35.987Z] Node Version:  v16.17.0
[debug] [2022-09-01T12:31:35.989Z] Time:          Thu Sep 01 2022 18:01:35 GMT+0530 (India Standard Time)
[debug] [2022-09-01T12:31:35.990Z] ----------------------------------------------------------------------
[debug] 
[debug] [2022-09-01T12:31:35.998Z] > command requires scopes: ["email","openid","https://www.googleapis.com/auth/cloudplatformprojects.readonly","https://www.googleapis.com/auth/firebase","https://www.googleapis.com/auth/cloud-platform"]
[debug] [2022-09-01T12:31:35.999Z] > authorizing via signed-in user (kunalbusiness89@gmail.com)
[info] 
     ######## #### ########  ######## ########     ###     ######  ########
     ##        ##  ##     ## ##       ##     ##  ##   ##  ##       ##
     ######    ##  ########  ######   ########  #########  ######  ######
     ##        ##  ##    ##  ##       ##     ## ##     ##       ## ##
     ##       #### ##     ## ######## ########  ##     ##  ######  ########

You're about to initialize a Firebase project in this directory:

  D:\kunal\10.May.2019\Projects\reactTutorials\photogallery

